<?xml version="1.0" encoding="UTF-8"?>
<!-- Generated by org.testng.reporters.JUnitReportReporter -->
<testsuite hostname="LAPTOP-M5JHVHLN" failures="0" tests="9" name="com.PhpTravels.ModulesTest.CustomerModuleTest" time="120.650" errors="0" timestamp="2022-05-17T08:29:05 IST" skipped="0">
  <testcase classname="com.PhpTravels.ModulesTest.CustomerModuleTest" name="verifyInValidLogin" time="18.532"/>
  <system-out/>
  <testcase classname="com.PhpTravels.ModulesTest.CustomerModuleTest" name="verifyValidLogin" time="10.805"/>
  <system-out/>
  <testcase classname="com.PhpTravels.ModulesTest.CustomerModuleTest" name="verifypayPal" time="25.047"/>
  <system-out/>
  <testcase classname="com.PhpTravels.ModulesTest.CustomerModuleTest" name="verifyVoucherDisplay" time="15.313"/>
  <system-out/>
  <testcase classname="com.PhpTravels.ModulesTest.CustomerModuleTest" name="verifyAddressUpdation" time="27.025"/>
  <system-out/>
  <testcase classname="com.PhpTravels.ModulesTest.CustomerModuleTest" name="verifyMyBookingLink" time="5.106"/>
  <system-out/>
  <testcase classname="com.PhpTravels.ModulesTest.CustomerModuleTest" name="verifyAddFundLink" time="5.019"/>
  <system-out/>
  <testcase classname="com.PhpTravels.ModulesTest.CustomerModuleTest" name="verifyMyProfileLink" time="5.546"/>
  <system-out/>
  <testcase classname="com.PhpTravels.ModulesTest.CustomerModuleTest" name="verifyLogoutLink" time="8.257"/>
  <system-out/>
</testsuite> <!-- com.PhpTravels.ModulesTest.CustomerModuleTest -->
