<?xml version="1.0" encoding="UTF-8"?>
<!-- Generated by org.testng.reporters.JUnitReportReporter -->
<testsuite hostname="LAPTOP-M5JHVHLN" failures="0" tests="9" name="com.PhpTravels.ModulesTest.SupplierModuleTest" time="73.089" errors="0" timestamp="2022-05-17T08:29:05 IST" skipped="0">
  <testcase classname="com.PhpTravels.ModulesTest.SupplierModuleTest" name="verifyInValidLogin" time="16.893"/>
  <system-out/>
  <testcase classname="com.PhpTravels.ModulesTest.SupplierModuleTest" name="verifyValidLogin" time="14.297"/>
  <system-out/>
  <testcase classname="com.PhpTravels.ModulesTest.SupplierModuleTest" name="verifyText" time="3.174"/>
  <system-out/>
  <testcase classname="com.PhpTravels.ModulesTest.SupplierModuleTest" name="verifyRevenueBreakdown" time="3.347"/>
  <system-out/>
  <testcase classname="com.PhpTravels.ModulesTest.SupplierModuleTest" name="verifyStatusFromPendingToConfirmed" time="12.966"/>
  <system-out/>
  <testcase classname="com.PhpTravels.ModulesTest.SupplierModuleTest" name="verifyFlightLink" time="3.275"/>
  <system-out/>
  <testcase classname="com.PhpTravels.ModulesTest.SupplierModuleTest" name="verifyToursLink" time="3.342"/>
  <system-out/>
  <testcase classname="com.PhpTravels.ModulesTest.SupplierModuleTest" name="verifyVisaLink" time="3.103"/>
  <system-out/>
  <testcase classname="com.PhpTravels.ModulesTest.SupplierModuleTest" name="verifyBookingsLink" time="12.692"/>
  <system-out/>
</testsuite> <!-- com.PhpTravels.ModulesTest.SupplierModuleTest -->
