<?xml version="1.0" encoding="UTF-8"?>
<!-- Generated by org.testng.reporters.JUnitReportReporter -->
<testsuite hostname="LAPTOP-M5JHVHLN" failures="0" tests="1" name="com.PhptravelsSupplier.TestScripts.SupplierBookingPageTest" time="5.324" errors="0" timestamp="2022-04-21T11:58:47 IST" skipped="0">
  <testcase classname="com.PhptravelsSupplier.TestScripts.SupplierBookingPageTest" name="verifyBookingLogin" time="5.324"/>
  <system-out/>
</testsuite> <!-- com.PhptravelsSupplier.TestScripts.SupplierBookingPageTest -->
