<?xml version="1.0" encoding="UTF-8"?>
<!-- Generated by org.testng.reporters.JUnitReportReporter -->
<testsuite hostname="LAPTOP-M5JHVHLN" failures="0" tests="9" name="com.PhptravelsSupplier.TestScripts.SupplierPageTest" time="66.746" errors="0" timestamp="2022-05-08T23:13:57 IST" skipped="0">
  <testcase classname="com.PhptravelsSupplier.TestScripts.SupplierPageTest" name="verifyInValidLogin" time="13.630"/>
  <system-out/>
  <testcase classname="com.PhptravelsSupplier.TestScripts.SupplierPageTest" name="verifyValidLogin" time="12.789"/>
  <system-out/>
  <testcase classname="com.PhptravelsSupplier.TestScripts.SupplierPageTest" name="verifyText" time="3.100"/>
  <system-out/>
  <testcase classname="com.PhptravelsSupplier.TestScripts.SupplierPageTest" name="verifyRevenueBreakdown" time="4.113"/>
  <system-out/>
  <testcase classname="com.PhptravelsSupplier.TestScripts.SupplierPageTest" name="verifyStatusFromPendingToConfirmed" time="11.629"/>
  <system-out/>
  <testcase classname="com.PhptravelsSupplier.TestScripts.SupplierPageTest" name="verifyFlightLink" time="3.282"/>
  <system-out/>
  <testcase classname="com.PhptravelsSupplier.TestScripts.SupplierPageTest" name="verifyToursLink" time="3.201"/>
  <system-out/>
  <testcase classname="com.PhptravelsSupplier.TestScripts.SupplierPageTest" name="verifyVisaLink" time="3.090"/>
  <system-out/>
  <testcase classname="com.PhptravelsSupplier.TestScripts.SupplierPageTest" name="verifyBookingsLink" time="11.912"/>
  <system-out/>
</testsuite> <!-- com.PhptravelsSupplier.TestScripts.SupplierPageTest -->
