<?xml version="1.0" encoding="UTF-8"?>
<!-- Generated by org.testng.reporters.JUnitReportReporter -->
<testsuite hostname="LAPTOP-M5JHVHLN" failures="0" tests="1" name="com.exitProject.TestScripts.Page1Test" time="33.434" errors="0" timestamp="2022-03-25T23:39:42 IST" skipped="0">
  <testcase classname="com.exitProject.TestScripts.Page1Test" name="verifyValidLogin" time="33.434"/>
  <system-out/>
</testsuite> <!-- com.exitProject.TestScripts.Page1Test -->
