<?xml version="1.0" encoding="UTF-8"?>
<!-- Generated by org.testng.reporters.JUnitReportReporter -->
<testsuite hostname="LAPTOP-M5JHVHLN" failures="0" tests="2" name="com.exitProject.TestScripts.HomePageTest" time="0.000" errors="0" timestamp="2022-03-27T15:00:28 IST" skipped="2">
  <testcase classname="com.exitProject.TestScripts.HomePageTest" name="verifyHomeUrl" time="0.000">
    <skipped/>
  </testcase> <!-- verifyHomeUrl -->
  <system-out/>
  <testcase classname="com.exitProject.TestScripts.HomePageTest" name="verifyLeaveUrl" time="0.000">
    <skipped/>
  </testcase> <!-- verifyLeaveUrl -->
  <system-out/>
</testsuite> <!-- com.exitProject.TestScripts.HomePageTest -->
