<?xml version="1.0" encoding="UTF-8"?>
<!-- Generated by org.testng.reporters.JUnitReportReporter -->
<testsuite hostname="LAPTOP-M5JHVHLN" failures="0" tests="1" name="com.exitProject.TestScripts.ApprovedLeavePageTest" time="0.000" errors="0" timestamp="2022-03-27T15:00:28 IST" skipped="1">
  <testcase classname="com.exitProject.TestScripts.ApprovedLeavePageTest" name="verifyapprovedPage" time="0.000">
    <skipped/>
  </testcase> <!-- verifyapprovedPage -->
  <system-out/>
</testsuite> <!-- com.exitProject.TestScripts.ApprovedLeavePageTest -->
