<?xml version="1.0" encoding="UTF-8"?>
<!-- Generated by org.testng.reporters.JUnitReportReporter -->
<testsuite hostname="LAPTOP-M5JHVHLN" failures="0" tests="7" name="com.PhpTravelsAgent.TestScripts.AgentLoginPageTest" time="63.578" errors="0" timestamp="2022-05-07T10:35:52 IST" skipped="0">
  <testcase classname="com.PhpTravelsAgent.TestScripts.AgentLoginPageTest" name="verifyInValidLogin" time="22.076"/>
  <system-out/>
  <testcase classname="com.PhpTravelsAgent.TestScripts.AgentLoginPageTest" name="verifyValidLogin" time="12.079"/>
  <system-out/>
  <testcase classname="com.PhpTravelsAgent.TestScripts.AgentLoginPageTest" name="verifyMyBookings" time="4.830"/>
  <system-out/>
  <testcase classname="com.PhpTravelsAgent.TestScripts.AgentLoginPageTest" name="verifyAddFunds" time="3.819"/>
  <system-out/>
  <testcase classname="com.PhpTravelsAgent.TestScripts.AgentLoginPageTest" name="verifyMyProfile" time="5.100"/>
  <system-out/>
  <testcase classname="com.PhpTravelsAgent.TestScripts.AgentLoginPageTest" name="verifyHome" time="8.295"/>
  <system-out/>
  <testcase classname="com.PhpTravelsAgent.TestScripts.AgentLoginPageTest" name="verifyLogouts" time="7.379"/>
  <system-out/>
</testsuite> <!-- com.PhpTravelsAgent.TestScripts.AgentLoginPageTest -->
