<?xml version="1.0" encoding="UTF-8"?>
<!-- Generated by org.testng.reporters.JUnitReportReporter -->
<testsuite hostname="LAPTOP-M5JHVHLN" failures="0" tests="9" name="com.PhpTravelsCustomer.TestScripts.CustomerLoginPageTest" time="137.149" errors="0" timestamp="2022-05-08T23:11:38 IST" skipped="0">
  <testcase classname="com.PhpTravelsCustomer.TestScripts.CustomerLoginPageTest" name="verifyInValidLogin" time="18.604"/>
  <system-out/>
  <testcase classname="com.PhpTravelsCustomer.TestScripts.CustomerLoginPageTest" name="verifyValidLogin" time="14.051"/>
  <system-out/>
  <testcase classname="com.PhpTravelsCustomer.TestScripts.CustomerLoginPageTest" name="verifypayPal" time="35.288"/>
  <system-out/>
  <testcase classname="com.PhpTravelsCustomer.TestScripts.CustomerLoginPageTest" name="verifyVoucherDisplay" time="15.503"/>
  <system-out/>
  <testcase classname="com.PhpTravelsCustomer.TestScripts.CustomerLoginPageTest" name="verifyAddressUpdation" time="33.732"/>
  <system-out/>
  <testcase classname="com.PhpTravelsCustomer.TestScripts.CustomerLoginPageTest" name="verifyMyBookingLink" time="4.460"/>
  <system-out/>
  <testcase classname="com.PhpTravelsCustomer.TestScripts.CustomerLoginPageTest" name="verifyAddFundLink" time="4.844"/>
  <system-out/>
  <testcase classname="com.PhpTravelsCustomer.TestScripts.CustomerLoginPageTest" name="verifyMyProfileLink" time="5.410"/>
  <system-out/>
  <testcase classname="com.PhpTravelsCustomer.TestScripts.CustomerLoginPageTest" name="verifyLogoutLink" time="5.257"/>
  <system-out/>
</testsuite> <!-- com.PhpTravelsCustomer.TestScripts.CustomerLoginPageTest -->
