<?xml version="1.0" encoding="UTF-8"?>
<!-- Generated by org.testng.reporters.JUnitReportReporter -->
<testsuite hostname="LAPTOP-M5JHVHLN" failures="0" tests="5" name="com.PhpTravels.TestScripts.AdminLoginPageTest" time="62.678" errors="0" timestamp="2022-04-15T23:39:39 IST" skipped="0">
  <testcase classname="com.PhpTravels.TestScripts.AdminLoginPageTest" name="verifyInValidLogin" time="17.336"/>
  <system-out/>
  <testcase classname="com.PhpTravels.TestScripts.AdminLoginPageTest" name="verifyValidLogin" time="8.744"/>
  <system-out/>
  <testcase classname="com.PhpTravels.TestScripts.AdminLoginPageTest" name="verifyBookingLink" time="28.473"/>
  <system-out/>
  <testcase classname="com.PhpTravels.TestScripts.AdminLoginPageTest" name="verifyDeleteButton" time="5.559"/>
  <system-out/>
  <testcase classname="com.PhpTravels.TestScripts.AdminLoginPageTest" name="verifyWebsiteLink" time="2.566"/>
  <system-out/>
</testsuite> <!-- com.PhpTravels.TestScripts.AdminLoginPageTest -->
