<?xml version="1.0" encoding="UTF-8"?>
<!-- Generated by org.testng.reporters.JUnitReportReporter -->
<testsuite hostname="LAPTOP-M5JHVHLN" failures="0" tests="14" name="com.PhpTravels.ModulesTest.AgentModuleTest" time="119.316" errors="0" timestamp="2022-05-17T08:29:05 IST" skipped="0">
  <testcase classname="com.PhpTravels.ModulesTest.AgentModuleTest" name="verifyInValidLogin" time="11.757"/>
  <system-out/>
  <testcase classname="com.PhpTravels.ModulesTest.AgentModuleTest" name="verifyValidLogin" time="13.196"/>
  <system-out/>
  <testcase classname="com.PhpTravels.ModulesTest.AgentModuleTest" name="verifyMyBookings" time="5.037"/>
  <system-out/>
  <testcase classname="com.PhpTravels.ModulesTest.AgentModuleTest" name="verifyAddFunds" time="4.221"/>
  <system-out/>
  <testcase classname="com.PhpTravels.ModulesTest.AgentModuleTest" name="verifyMyProfile" time="5.668"/>
  <system-out/>
  <testcase classname="com.PhpTravels.ModulesTest.AgentModuleTest" name="verifyHome" time="11.980"/>
  <system-out/>
  <testcase classname="com.PhpTravels.ModulesTest.AgentModuleTest" name="verifyHotels" time="17.122"/>
  <system-out/>
  <testcase classname="com.PhpTravels.ModulesTest.AgentModuleTest" name="verifyFlights" time="5.691"/>
  <system-out/>
  <testcase classname="com.PhpTravels.ModulesTest.AgentModuleTest" name="verifyTours" time="6.801"/>
  <system-out/>
  <testcase classname="com.PhpTravels.ModulesTest.AgentModuleTest" name="verifyVisa" time="5.818"/>
  <system-out/>
  <testcase classname="com.PhpTravels.ModulesTest.AgentModuleTest" name="verifyBlogs" time="5.916"/>
  <system-out/>
  <testcase classname="com.PhpTravels.ModulesTest.AgentModuleTest" name="verifyOffers" time="5.659"/>
  <system-out/>
  <testcase classname="com.PhpTravels.ModulesTest.AgentModuleTest" name="verifyUpdateUSD" time="12.959"/>
  <system-out/>
  <testcase classname="com.PhpTravels.ModulesTest.AgentModuleTest" name="verifyLogouts" time="7.491"/>
  <system-out/>
</testsuite> <!-- com.PhpTravels.ModulesTest.AgentModuleTest -->
