<?xml version="1.0" encoding="UTF-8"?>
<!-- Generated by org.testng.reporters.JUnitReportReporter -->
<testsuite hostname="LAPTOP-M5JHVHLN" failures="0" tests="7" name="com.PhpTravelsAgent.TestScripts.AgentModuleTest" time="62.351" errors="0" timestamp="2022-05-09T13:06:17 IST" skipped="0">
  <testcase classname="com.PhpTravelsAgent.TestScripts.AgentModuleTest" name="verifyInValidLogin" time="18.563"/>
  <system-out/>
  <testcase classname="com.PhpTravelsAgent.TestScripts.AgentModuleTest" name="verifyValidLogin" time="10.570"/>
  <system-out/>
  <testcase classname="com.PhpTravelsAgent.TestScripts.AgentModuleTest" name="verifyMyBookings" time="4.692"/>
  <system-out/>
  <testcase classname="com.PhpTravelsAgent.TestScripts.AgentModuleTest" name="verifyAddFunds" time="4.157"/>
  <system-out/>
  <testcase classname="com.PhpTravelsAgent.TestScripts.AgentModuleTest" name="verifyMyProfile" time="6.343"/>
  <system-out/>
  <testcase classname="com.PhpTravelsAgent.TestScripts.AgentModuleTest" name="verifyHome" time="12.432"/>
  <system-out/>
  <testcase classname="com.PhpTravelsAgent.TestScripts.AgentModuleTest" name="verifyLogouts" time="5.594"/>
  <system-out/>
</testsuite> <!-- com.PhpTravelsAgent.TestScripts.AgentModuleTest -->
