<?xml version="1.0" encoding="UTF-8"?>
<!-- Generated by org.testng.reporters.JUnitReportReporter -->
<testsuite hostname="LAPTOP-M5JHVHLN" failures="0" tests="4" name="com.exitProject.TestScripts.LeaveApplicationPageTest" time="0.000" errors="0" timestamp="2022-03-27T15:00:28 IST" skipped="4">
  <testcase classname="com.exitProject.TestScripts.LeaveApplicationPageTest" name="verifyLeavApplnWithoutNumberOfdays" time="0.000">
    <skipped/>
  </testcase> <!-- verifyLeavApplnWithoutNumberOfdays -->
  <system-out/>
  <testcase classname="com.exitProject.TestScripts.LeaveApplicationPageTest" name="verifyResetBtn" time="0.000">
    <skipped/>
  </testcase> <!-- verifyResetBtn -->
  <system-out/>
  <testcase classname="com.exitProject.TestScripts.LeaveApplicationPageTest" name="verifyInValidLeavAppln" time="0.000">
    <skipped/>
  </testcase> <!-- verifyInValidLeavAppln -->
  <system-out/>
  <testcase classname="com.exitProject.TestScripts.LeaveApplicationPageTest" name="verifyValidLeavAppln" time="0.000">
    <skipped/>
  </testcase> <!-- verifyValidLeavAppln -->
  <system-out/>
</testsuite> <!-- com.exitProject.TestScripts.LeaveApplicationPageTest -->
